<?xml version="1.0" encoding="UTF-8"?>
<!-- Generated by org.testng.reporters.JUnitXMLReporter -->
<testsuite hostname="SebahattinsAir2.home" ignored="0" name="Default test" tests="7" failures="0" timestamp="2020-08-07T22:55:17 CDT" time="9.834" errors="0">
  <testcase name="clickToday" time="0.899" classname="com.qa.darksky.net.test.HomePageTest"/>
  <testcase name="verifyHomeaPageTitle" time="0.022" classname="com.qa.darksky.net.test.HomePageTest"/>
  <testcase name="getTempeList" time="0.32" classname="com.qa.darksky.net.test.HomePageTest"/>
  <testcase name="minTempe" time="0.006" classname="com.qa.darksky.net.test.HomePageTest"/>
  <testcase name="maxTempe" time="0.009" classname="com.qa.darksky.net.test.HomePageTest"/>
  <testcase name="verifyMinTempe" time="0.06" classname="com.qa.darksky.net.test.HomePageTest"/>
  <testcase name="verifyMax" time="0.066" classname="com.qa.darksky.net.test.HomePageTest"/>
</testsuite> <!-- Default test -->
