<?xml version="1.0" encoding="UTF-8"?>
<testng-results skipped="0" failed="0" ignored="0" total="7" passed="7">
  <reporter-output>
  </reporter-output>
  <suite name="Default suite" duration-ms="9834" started-at="2020-08-07T22:55:07 CDT" finished-at="2020-08-07T22:55:17 CDT">
    <groups>
    </groups>
    <test name="Default test" duration-ms="9834" started-at="2020-08-07T22:55:07 CDT" finished-at="2020-08-07T22:55:17 CDT">
      <class name="com.qa.darksky.net.test.HomePageTest">
        <test-method status="PASS" signature="Setup()[pri:0, instance:com.qa.darksky.net.test.HomePageTest@25bcd0c7]" name="Setup" is-config="true" duration-ms="7658" started-at="2020-08-07T22:55:07 CDT" finished-at="2020-08-07T22:55:15 CDT">
          <reporter-output>
          </reporter-output>
        </test-method> <!-- Setup -->
        <test-method status="PASS" signature="clickToday()[pri:1, instance:com.qa.darksky.net.test.HomePageTest@25bcd0c7]" name="clickToday" duration-ms="899" started-at="2020-08-07T22:55:15 CDT" finished-at="2020-08-07T22:55:16 CDT">
          <reporter-output>
          </reporter-output>
        </test-method> <!-- clickToday -->
        <test-method status="PASS" signature="verifyHomeaPageTitle()[pri:2, instance:com.qa.darksky.net.test.HomePageTest@25bcd0c7]" name="verifyHomeaPageTitle" duration-ms="22" started-at="2020-08-07T22:55:16 CDT" finished-at="2020-08-07T22:55:16 CDT">
          <reporter-output>
          </reporter-output>
        </test-method> <!-- verifyHomeaPageTitle -->
        <test-method status="PASS" signature="getTempeList()[pri:3, instance:com.qa.darksky.net.test.HomePageTest@25bcd0c7]" name="getTempeList" duration-ms="320" started-at="2020-08-07T22:55:16 CDT" finished-at="2020-08-07T22:55:16 CDT">
          <reporter-output>
          </reporter-output>
        </test-method> <!-- getTempeList -->
        <test-method status="PASS" signature="minTempe()[pri:4, instance:com.qa.darksky.net.test.HomePageTest@25bcd0c7]" name="minTempe" duration-ms="6" started-at="2020-08-07T22:55:16 CDT" finished-at="2020-08-07T22:55:16 CDT">
          <reporter-output>
          </reporter-output>
        </test-method> <!-- minTempe -->
        <test-method status="PASS" signature="maxTempe()[pri:5, instance:com.qa.darksky.net.test.HomePageTest@25bcd0c7]" name="maxTempe" duration-ms="9" started-at="2020-08-07T22:55:16 CDT" finished-at="2020-08-07T22:55:16 CDT">
          <reporter-output>
          </reporter-output>
        </test-method> <!-- maxTempe -->
        <test-method status="PASS" signature="verifyMinTempe()[pri:6, instance:com.qa.darksky.net.test.HomePageTest@25bcd0c7]" name="verifyMinTempe" duration-ms="60" started-at="2020-08-07T22:55:16 CDT" finished-at="2020-08-07T22:55:16 CDT">
          <reporter-output>
          </reporter-output>
        </test-method> <!-- verifyMinTempe -->
        <test-method status="PASS" signature="verifyMax()[pri:7, instance:com.qa.darksky.net.test.HomePageTest@25bcd0c7]" name="verifyMax" duration-ms="66" started-at="2020-08-07T22:55:16 CDT" finished-at="2020-08-07T22:55:16 CDT">
          <reporter-output>
          </reporter-output>
        </test-method> <!-- verifyMax -->
        <test-method status="PASS" signature="tearDown()[pri:0, instance:com.qa.darksky.net.test.HomePageTest@25bcd0c7]" name="tearDown" is-config="true" duration-ms="266" started-at="2020-08-07T22:55:16 CDT" finished-at="2020-08-07T22:55:17 CDT">
          <reporter-output>
          </reporter-output>
        </test-method> <!-- tearDown -->
      </class> <!-- com.qa.darksky.net.test.HomePageTest -->
    </test> <!-- Default test -->
  </suite> <!-- Default suite -->
</testng-results>
